<?xml version="1.0" encoding="UTF-8"?>
<!-- Generated by org.testng.reporters.JUnitXMLReporter -->
<testsuite ignored="2" hostname="LAPTOP-O054QN8E" failures="0" tests="1" name="GRP-dropdowncheck" time="5.903" errors="0" timestamp="2025-02-06T12:16:46 GMT-07:00">
  <testcase classname="automationtestsuite.TestCaseGrouping" name="TestCase2" time="5.857"/>
  <testcase classname="automationtestsuite.TestCaseGrouping" name="TestCase3" time="0.0">
    <ignored/>
  </testcase> <!-- TestCase3 -->
  <testcase classname="automationtestsuite.TestCaseGrouping" name="TestCase1" time="0.0">
    <ignored/>
  </testcase> <!-- TestCase1 -->
</testsuite> <!-- GRP-dropdowncheck -->
