<?xml version="1.0" encoding="UTF-8"?>
<!-- Generated by org.testng.reporters.JUnitXMLReporter -->
<testsuite ignored="2" hostname="LAPTOP-O054QN8E" failures="0" tests="1" name="GRP-regression" time="7.562" errors="0" timestamp="2025-02-06T12:37:46 GMT-07:00">
  <testcase classname="automationtestsuite.TestCaseGrouping" name="RegressionTest" time="7.502"/>
  <testcase classname="automationtestsuite.TestCaseGrouping" name="VerifyDropDownMenu" time="0.0">
    <ignored/>
  </testcase> <!-- VerifyDropDownMenu -->
  <testcase classname="automationtestsuite.TestCaseGrouping" name="VerifyInputFields" time="0.0">
    <ignored/>
  </testcase> <!-- VerifyInputFields -->
</testsuite> <!-- GRP-regression -->
