<?xml version="1.0" encoding="UTF-8"?>
<!-- Generated by org.testng.reporters.JUnitXMLReporter -->
<testsuite ignored="0" hostname="LAPTOP-O054QN8E" failures="0" tests="3" name="GRP-regression,inputcheck" time="0.097" errors="0" timestamp="2025-02-06T11:52:48 GMT-07:00">
  <testcase classname="automationtestsuite.TestCaseGrouping" name="TestCase1" time="0.022"/>
  <testcase classname="automationtestsuite.TestCaseGrouping" name="TestCase2" time="0.001"/>
  <testcase classname="automationtestsuite.TestCaseGrouping" name="TestCase3" time="0.002"/>
</testsuite> <!-- GRP-regression,inputcheck -->
