<?xml version="1.0" encoding="UTF-8"?>
<!-- Generated by org.testng.reporters.JUnitXMLReporter -->
<testsuite ignored="0" hostname="LAPTOP-O054QN8E" failures="1" tests="2" name="TestNG Listeners" time="3.218" errors="0" timestamp="2025-03-27T17:07:57 GMT-06:00">
  <testcase classname="automationtestsuite.ListenersTest" name="LaunchApp" time="1.743">
    <failure type="java.lang.AssertionError" message="expected [true] but found [false]">
      <![CDATA[java.lang.AssertionError: expected [true] but found [false]
at automationtestsuite.ListenersTest.LaunchApp(ListenersTest.java:16)
at java.base/java.util.ArrayList.forEach(ArrayList.java:1596)
... Removed 29 stack frames]]>
    </failure>
  </testcase> <!-- LaunchApp -->
  <testcase classname="automationtestsuite.ListenersTest" name="SuccessApp" time="1.142"/>
</testsuite> <!-- TestNG Listeners -->
